2022-06-18 14:29:04,007 INFO org.springframework.boot.StartupInfoLogger [restartedMain] Starting SportyshoesApiApplication using Java 12.0.2 on DESKTOP-OKIK6KM with PID 2308 (D:\JavaHomework\sportyshoes-api\target\classes started by Trivikram Sharma in D:\JavaHomework\sportyshoes-api)
2022-06-18 14:29:04,008 INFO org.springframework.boot.SpringApplication [restartedMain] No active profile set, falling back to 1 default profile: "default"
2022-06-18 14:29:04,044 INFO org.springframework.boot.logging.DeferredLog [restartedMain] Devtools property defaults active! Set 'spring.devtools.add-properties' to 'false' to disable
2022-06-18 14:29:04,044 INFO org.springframework.boot.logging.DeferredLog [restartedMain] For additional web related logging consider setting the 'logging.level.web' property to 'DEBUG'
2022-06-18 14:29:04,753 WARN org.apache.juli.logging.DirectJDKLog [restartedMain] The Apache Tomcat Native library failed to load. The error reported was [no tcnative-1 in java.library.path: [C:\Program Files\Java\jdk-12.0.2\bin, C:\WINDOWS\Sun\Java\bin, C:\WINDOWS\system32, C:\WINDOWS, C:/Program Files/Java/jdk-12.0.2/bin/server, C:/Program Files/Java/jdk-12.0.2/bin, C:\Python3\Scripts\, C:\Python3\, C:\Program Files (x86)\Intel\Intel(R) Management Engine Components\iCLS\, C:\Program Files\Intel\Intel(R) Management Engine Components\iCLS\, C:\Windows\system32, C:\Windows, C:\Windows\System32\Wbem, C:\Windows\System32\WindowsPowerShell\v1.0\, C:\Windows\System32\OpenSSH\, C:\Program Files (x86)\NVIDIA Corporation\PhysX\Common, C:\Program Files (x86)\Intel\Intel(R) Management Engine Components\DAL, C:\Program Files\Intel\Intel(R) Management Engine Components\DAL, C:\Program Files (x86)\Intel\Intel(R) Management Engine Components\IPT, C:\Program Files\Intel\Intel(R) Management Engine Components\IPT, C:\WINDOWS\system32, C:\WINDOWS, C:\WINDOWS\System32\Wbem, C:\WINDOWS\System32\WindowsPowerShell\v1.0\, C:\WINDOWS\System32\OpenSSH\, C:\Program Files\NVIDIA Corporation\NVIDIA NvDLISR, C:\Python3, C:\Program Files\Intel\WiFi\bin\, C:\Program Files\Common Files\Intel\WirelessCommon\, C:\Program Files\Java\jdk-12.0.2\bin, C:\Program Files\Git\cmd, C:\Program Files\nodejs\, C:\Program Files\PowerShell\7\, C:\Users\Trivikram Sharma\scoop\apps\maven\current\bin, C:\Users\Trivikram Sharma\scoop\shims, C:\Program Files\MySQL\MySQL Shell 8.0\bin\, C:\Users\Trivikram Sharma\AppData\Local\Microsoft\WindowsApps, C:\, C:\msys64\usr\bin, C:\Python3, C:\Python27, E:\Microsoft VS Code\bin, C:\Users\Trivikram Sharma\AppData\Local\GitHubDesktop\bin, C:\Users\Trivikram Sharma\AppData\Local\Microsoft\WindowsApps, C:\Program Files\IBM\Cloud\bin, C:\Users\Trivikram Sharma\AppData\Roaming\npm, C:\Program Files\JetBrains\PyCharm 2022.1.1\bin, ., C:\Program Files\JetBrains\PyCharm Community Edition 2022.1.1\bin, ., D:\eclipse-jee-2020-03-R-incubation-win32-x86_64\eclipse, ., .]]
java.lang.UnsatisfiedLinkError: no tcnative-1 in java.library.path: [C:\Program Files\Java\jdk-12.0.2\bin, C:\WINDOWS\Sun\Java\bin, C:\WINDOWS\system32, C:\WINDOWS, C:/Program Files/Java/jdk-12.0.2/bin/server, C:/Program Files/Java/jdk-12.0.2/bin, C:\Python3\Scripts\, C:\Python3\, C:\Program Files (x86)\Intel\Intel(R) Management Engine Components\iCLS\, C:\Program Files\Intel\Intel(R) Management Engine Components\iCLS\, C:\Windows\system32, C:\Windows, C:\Windows\System32\Wbem, C:\Windows\System32\WindowsPowerShell\v1.0\, C:\Windows\System32\OpenSSH\, C:\Program Files (x86)\NVIDIA Corporation\PhysX\Common, C:\Program Files (x86)\Intel\Intel(R) Management Engine Components\DAL, C:\Program Files\Intel\Intel(R) Management Engine Components\DAL, C:\Program Files (x86)\Intel\Intel(R) Management Engine Components\IPT, C:\Program Files\Intel\Intel(R) Management Engine Components\IPT, C:\WINDOWS\system32, C:\WINDOWS, C:\WINDOWS\System32\Wbem, C:\WINDOWS\System32\WindowsPowerShell\v1.0\, C:\WINDOWS\System32\OpenSSH\, C:\Program Files\NVIDIA Corporation\NVIDIA NvDLISR, C:\Python3, C:\Program Files\Intel\WiFi\bin\, C:\Program Files\Common Files\Intel\WirelessCommon\, C:\Program Files\Java\jdk-12.0.2\bin, C:\Program Files\Git\cmd, C:\Program Files\nodejs\, C:\Program Files\PowerShell\7\, C:\Users\Trivikram Sharma\scoop\apps\maven\current\bin, C:\Users\Trivikram Sharma\scoop\shims, C:\Program Files\MySQL\MySQL Shell 8.0\bin\, C:\Users\Trivikram Sharma\AppData\Local\Microsoft\WindowsApps, C:\, C:\msys64\usr\bin, C:\Python3, C:\Python27, E:\Microsoft VS Code\bin, C:\Users\Trivikram Sharma\AppData\Local\GitHubDesktop\bin, C:\Users\Trivikram Sharma\AppData\Local\Microsoft\WindowsApps, C:\Program Files\IBM\Cloud\bin, C:\Users\Trivikram Sharma\AppData\Roaming\npm, C:\Program Files\JetBrains\PyCharm 2022.1.1\bin, ., C:\Program Files\JetBrains\PyCharm Community Edition 2022.1.1\bin, ., D:\eclipse-jee-2020-03-R-incubation-win32-x86_64\eclipse, ., .]
	at java.base/java.lang.ClassLoader.loadLibrary(ClassLoader.java:2660)
	at java.base/java.lang.Runtime.loadLibrary0(Runtime.java:827)
	at java.base/java.lang.System.loadLibrary(System.java:1902)
	at org.apache.tomcat.jni.Library.<init>(Library.java:64)
	at org.apache.tomcat.jni.Library.initialize(Library.java:203)
	at org.apache.catalina.core.AprLifecycleListener.init(AprLifecycleListener.java:203)
	at org.apache.catalina.core.AprLifecycleListener.isAprAvailable(AprLifecycleListener.java:108)
	at org.springframework.boot.web.embedded.tomcat.TomcatServletWebServerFactory.getDefaultServerLifecycleListeners(TomcatServletWebServerFactory.java:182)
	at org.springframework.boot.web.embedded.tomcat.TomcatServletWebServerFactory.<init>(TomcatServletWebServerFactory.java:129)
	at org.springframework.boot.autoconfigure.web.servlet.ServletWebServerFactoryConfiguration$EmbeddedTomcat.tomcatServletWebServerFactory(ServletWebServerFactoryConfiguration.java:76)
	at java.base/jdk.internal.reflect.NativeMethodAccessorImpl.invoke0(Native Method)
	at java.base/jdk.internal.reflect.NativeMethodAccessorImpl.invoke(NativeMethodAccessorImpl.java:62)
	at java.base/jdk.internal.reflect.DelegatingMethodAccessorImpl.invoke(DelegatingMethodAccessorImpl.java:43)
	at java.base/java.lang.reflect.Method.invoke(Method.java:567)
	at org.springframework.beans.factory.support.SimpleInstantiationStrategy.instantiate(SimpleInstantiationStrategy.java:154)
	at org.springframework.beans.factory.support.ConstructorResolver.instantiate(ConstructorResolver.java:653)
	at org.springframework.beans.factory.support.ConstructorResolver.instantiateUsingFactoryMethod(ConstructorResolver.java:638)
	at org.springframework.beans.factory.support.AbstractAutowireCapableBeanFactory.instantiateUsingFactoryMethod(AbstractAutowireCapableBeanFactory.java:1352)
	at org.springframework.beans.factory.support.AbstractAutowireCapableBeanFactory.createBeanInstance(AbstractAutowireCapableBeanFactory.java:1195)
	at org.springframework.beans.factory.support.AbstractAutowireCapableBeanFactory.doCreateBean(AbstractAutowireCapableBeanFactory.java:582)
	at org.springframework.beans.factory.support.AbstractAutowireCapableBeanFactory.createBean(AbstractAutowireCapableBeanFactory.java:542)
	at org.springframework.beans.factory.support.AbstractBeanFactory.lambda$doGetBean$0(AbstractBeanFactory.java:335)
	at org.springframework.beans.factory.support.DefaultSingletonBeanRegistry.getSingleton(DefaultSingletonBeanRegistry.java:234)
	at org.springframework.beans.factory.support.AbstractBeanFactory.doGetBean(AbstractBeanFactory.java:333)
	at org.springframework.beans.factory.support.AbstractBeanFactory.getBean(AbstractBeanFactory.java:213)
	at org.springframework.boot.web.servlet.context.ServletWebServerApplicationContext.getWebServerFactory(ServletWebServerApplicationContext.java:219)
	at org.springframework.boot.web.servlet.context.ServletWebServerApplicationContext.createWebServer(ServletWebServerApplicationContext.java:182)
	at org.springframework.boot.web.servlet.context.ServletWebServerApplicationContext.onRefresh(ServletWebServerApplicationContext.java:162)
	at org.springframework.context.support.AbstractApplicationContext.refresh(AbstractApplicationContext.java:577)
	at org.springframework.boot.web.servlet.context.ServletWebServerApplicationContext.refresh(ServletWebServerApplicationContext.java:147)
	at org.springframework.boot.SpringApplication.refresh(SpringApplication.java:734)
	at org.springframework.boot.SpringApplication.refreshContext(SpringApplication.java:408)
	at org.springframework.boot.SpringApplication.run(SpringApplication.java:308)
	at org.springframework.boot.SpringApplication.run(SpringApplication.java:1306)
	at org.springframework.boot.SpringApplication.run(SpringApplication.java:1295)
	at com.sportyshoes.SportyshoesApiApplication.main(SportyshoesApiApplication.java:10)
	at java.base/jdk.internal.reflect.NativeMethodAccessorImpl.invoke0(Native Method)
	at java.base/jdk.internal.reflect.NativeMethodAccessorImpl.invoke(NativeMethodAccessorImpl.java:62)
	at java.base/jdk.internal.reflect.DelegatingMethodAccessorImpl.invoke(DelegatingMethodAccessorImpl.java:43)
	at java.base/java.lang.reflect.Method.invoke(Method.java:567)
	at org.springframework.boot.devtools.restart.RestartLauncher.run(RestartLauncher.java:49)
2022-06-18 14:29:04,949 INFO org.springframework.boot.web.embedded.tomcat.TomcatWebServer [restartedMain] Tomcat initialized with port(s): 8086 (http)
2022-06-18 14:29:04,957 INFO org.apache.juli.logging.DirectJDKLog [restartedMain] Initializing ProtocolHandler ["http-nio-8086"]
2022-06-18 14:29:04,957 INFO org.apache.juli.logging.DirectJDKLog [restartedMain] Starting service [Tomcat]
2022-06-18 14:29:04,957 INFO org.apache.juli.logging.DirectJDKLog [restartedMain] Starting Servlet engine: [Apache Tomcat/9.0.63]
2022-06-18 14:29:05,095 INFO org.apache.juli.logging.DirectJDKLog [restartedMain] Initializing Spring embedded WebApplicationContext
2022-06-18 14:29:05,095 INFO org.springframework.boot.web.servlet.context.ServletWebServerApplicationContext [restartedMain] Root WebApplicationContext: initialization completed in 1050 ms
2022-06-18 14:29:05,805 INFO org.springframework.boot.devtools.autoconfigure.OptionalLiveReloadServer [restartedMain] LiveReload server is running on port 35729
2022-06-18 14:29:05,809 INFO org.springframework.boot.actuate.endpoint.web.EndpointLinksResolver [restartedMain] Exposing 1 endpoint(s) beneath base path '/actuator'
2022-06-18 14:29:05,824 INFO org.apache.juli.logging.DirectJDKLog [restartedMain] Starting ProtocolHandler ["http-nio-8086"]
2022-06-18 14:29:05,840 INFO org.springframework.boot.web.embedded.tomcat.TomcatWebServer [restartedMain] Tomcat started on port(s): 8086 (http) with context path ''
2022-06-18 14:29:05,851 INFO org.springframework.boot.StartupInfoLogger [restartedMain] Started SportyshoesApiApplication in 2.183 seconds (JVM running for 3.066)
2022-06-18 14:29:15,840 INFO org.apache.juli.logging.DirectJDKLog [http-nio-8086-exec-1] Initializing Spring DispatcherServlet 'dispatcherServlet'
2022-06-18 14:29:15,841 INFO org.springframework.web.servlet.FrameworkServlet [http-nio-8086-exec-1] Initializing Servlet 'dispatcherServlet'
2022-06-18 14:29:15,842 INFO org.springframework.web.servlet.FrameworkServlet [http-nio-8086-exec-1] Completed initialization in 0 ms
2022-06-18 14:29:15,912 INFO com.sportyshoes.repositories.OrderRepository [http-nio-8086-exec-1] Number of Orders of userId:%s retrieved, %d
2022-06-18 14:29:15,913 INFO com.sportyshoes.controllers.UserController [http-nio-8086-exec-1] Orders retrieved of the user Ffasil: 
[Order [orderId=5, orderUser=User [userId=Ffasil, name=Fahad Faasil, password=[F, f, a, s, i, l, @, 1, 2], signedIn=true], orderProduct=Product [productId=2, productName=Nike shoes medium, MSRP=150, quantityInStock=18, productVendor=Nike], orderDate= 2022-06-17]]
2022-06-18 14:32:20,155 INFO org.springframework.boot.admin.SpringApplicationAdminMXBeanRegistrar$SpringApplicationAdmin [RMI TCP Connection(2)-127.0.0.1] Application shutdown requested.
2022-06-18 16:57:43,759 INFO org.springframework.boot.StartupInfoLogger [restartedMain] Starting SportyshoesApiApplication using Java 12.0.2 on DESKTOP-OKIK6KM with PID 8504 (D:\JavaHomework\sportyshoes-api\target\classes started by Trivikram Sharma in D:\JavaHomework\sportyshoes-api)
2022-06-18 16:57:43,770 INFO org.springframework.boot.SpringApplication [restartedMain] No active profile set, falling back to 1 default profile: "default"
2022-06-18 16:57:43,815 INFO org.springframework.boot.logging.DeferredLog [restartedMain] Devtools property defaults active! Set 'spring.devtools.add-properties' to 'false' to disable
2022-06-18 16:57:43,816 INFO org.springframework.boot.logging.DeferredLog [restartedMain] For additional web related logging consider setting the 'logging.level.web' property to 'DEBUG'
2022-06-18 16:57:45,029 WARN org.apache.juli.logging.DirectJDKLog [restartedMain] The Apache Tomcat Native library failed to load. The error reported was [no tcnative-1 in java.library.path: [C:\Program Files\Java\jdk-12.0.2\bin, C:\WINDOWS\Sun\Java\bin, C:\WINDOWS\system32, C:\WINDOWS, C:/Program Files/Java/jdk-12.0.2/bin/server, C:/Program Files/Java/jdk-12.0.2/bin, C:\Python3\Scripts\, C:\Python3\, C:\Program Files (x86)\Intel\Intel(R) Management Engine Components\iCLS\, C:\Program Files\Intel\Intel(R) Management Engine Components\iCLS\, C:\Windows\system32, C:\Windows, C:\Windows\System32\Wbem, C:\Windows\System32\WindowsPowerShell\v1.0\, C:\Windows\System32\OpenSSH\, C:\Program Files (x86)\NVIDIA Corporation\PhysX\Common, C:\Program Files (x86)\Intel\Intel(R) Management Engine Components\DAL, C:\Program Files\Intel\Intel(R) Management Engine Components\DAL, C:\Program Files (x86)\Intel\Intel(R) Management Engine Components\IPT, C:\Program Files\Intel\Intel(R) Management Engine Components\IPT, C:\WINDOWS\system32, C:\WINDOWS, C:\WINDOWS\System32\Wbem, C:\WINDOWS\System32\WindowsPowerShell\v1.0\, C:\WINDOWS\System32\OpenSSH\, C:\Program Files\NVIDIA Corporation\NVIDIA NvDLISR, C:\Python3, C:\Program Files\Intel\WiFi\bin\, C:\Program Files\Common Files\Intel\WirelessCommon\, C:\Program Files\Java\jdk-12.0.2\bin, C:\Program Files\Git\cmd, C:\Program Files\nodejs\, C:\Program Files\PowerShell\7\, C:\Users\Trivikram Sharma\scoop\apps\maven\current\bin, C:\Users\Trivikram Sharma\scoop\shims, C:\Program Files\MySQL\MySQL Shell 8.0\bin\, C:\Users\Trivikram Sharma\AppData\Local\Microsoft\WindowsApps, C:\, C:\msys64\usr\bin, C:\Python3, C:\Python27, E:\Microsoft VS Code\bin, C:\Users\Trivikram Sharma\AppData\Local\GitHubDesktop\bin, C:\Users\Trivikram Sharma\AppData\Local\Microsoft\WindowsApps, C:\Program Files\IBM\Cloud\bin, C:\Users\Trivikram Sharma\AppData\Roaming\npm, C:\Program Files\JetBrains\PyCharm 2022.1.1\bin, ., C:\Program Files\JetBrains\PyCharm Community Edition 2022.1.1\bin, ., D:\eclipse-jee-2020-03-R-incubation-win32-x86_64\eclipse, ., .]]
java.lang.UnsatisfiedLinkError: no tcnative-1 in java.library.path: [C:\Program Files\Java\jdk-12.0.2\bin, C:\WINDOWS\Sun\Java\bin, C:\WINDOWS\system32, C:\WINDOWS, C:/Program Files/Java/jdk-12.0.2/bin/server, C:/Program Files/Java/jdk-12.0.2/bin, C:\Python3\Scripts\, C:\Python3\, C:\Program Files (x86)\Intel\Intel(R) Management Engine Components\iCLS\, C:\Program Files\Intel\Intel(R) Management Engine Components\iCLS\, C:\Windows\system32, C:\Windows, C:\Windows\System32\Wbem, C:\Windows\System32\WindowsPowerShell\v1.0\, C:\Windows\System32\OpenSSH\, C:\Program Files (x86)\NVIDIA Corporation\PhysX\Common, C:\Program Files (x86)\Intel\Intel(R) Management Engine Components\DAL, C:\Program Files\Intel\Intel(R) Management Engine Components\DAL, C:\Program Files (x86)\Intel\Intel(R) Management Engine Components\IPT, C:\Program Files\Intel\Intel(R) Management Engine Components\IPT, C:\WINDOWS\system32, C:\WINDOWS, C:\WINDOWS\System32\Wbem, C:\WINDOWS\System32\WindowsPowerShell\v1.0\, C:\WINDOWS\System32\OpenSSH\, C:\Program Files\NVIDIA Corporation\NVIDIA NvDLISR, C:\Python3, C:\Program Files\Intel\WiFi\bin\, C:\Program Files\Common Files\Intel\WirelessCommon\, C:\Program Files\Java\jdk-12.0.2\bin, C:\Program Files\Git\cmd, C:\Program Files\nodejs\, C:\Program Files\PowerShell\7\, C:\Users\Trivikram Sharma\scoop\apps\maven\current\bin, C:\Users\Trivikram Sharma\scoop\shims, C:\Program Files\MySQL\MySQL Shell 8.0\bin\, C:\Users\Trivikram Sharma\AppData\Local\Microsoft\WindowsApps, C:\, C:\msys64\usr\bin, C:\Python3, C:\Python27, E:\Microsoft VS Code\bin, C:\Users\Trivikram Sharma\AppData\Local\GitHubDesktop\bin, C:\Users\Trivikram Sharma\AppData\Local\Microsoft\WindowsApps, C:\Program Files\IBM\Cloud\bin, C:\Users\Trivikram Sharma\AppData\Roaming\npm, C:\Program Files\JetBrains\PyCharm 2022.1.1\bin, ., C:\Program Files\JetBrains\PyCharm Community Edition 2022.1.1\bin, ., D:\eclipse-jee-2020-03-R-incubation-win32-x86_64\eclipse, ., .]
	at java.base/java.lang.ClassLoader.loadLibrary(ClassLoader.java:2660)
	at java.base/java.lang.Runtime.loadLibrary0(Runtime.java:827)
	at java.base/java.lang.System.loadLibrary(System.java:1902)
	at org.apache.tomcat.jni.Library.<init>(Library.java:64)
	at org.apache.tomcat.jni.Library.initialize(Library.java:203)
	at org.apache.catalina.core.AprLifecycleListener.init(AprLifecycleListener.java:203)
	at org.apache.catalina.core.AprLifecycleListener.isAprAvailable(AprLifecycleListener.java:108)
	at org.springframework.boot.web.embedded.tomcat.TomcatServletWebServerFactory.getDefaultServerLifecycleListeners(TomcatServletWebServerFactory.java:182)
	at org.springframework.boot.web.embedded.tomcat.TomcatServletWebServerFactory.<init>(TomcatServletWebServerFactory.java:129)
	at org.springframework.boot.autoconfigure.web.servlet.ServletWebServerFactoryConfiguration$EmbeddedTomcat.tomcatServletWebServerFactory(ServletWebServerFactoryConfiguration.java:76)
	at java.base/jdk.internal.reflect.NativeMethodAccessorImpl.invoke0(Native Method)
	at java.base/jdk.internal.reflect.NativeMethodAccessorImpl.invoke(NativeMethodAccessorImpl.java:62)
	at java.base/jdk.internal.reflect.DelegatingMethodAccessorImpl.invoke(DelegatingMethodAccessorImpl.java:43)
	at java.base/java.lang.reflect.Method.invoke(Method.java:567)
	at org.springframework.beans.factory.support.SimpleInstantiationStrategy.instantiate(SimpleInstantiationStrategy.java:154)
	at org.springframework.beans.factory.support.ConstructorResolver.instantiate(ConstructorResolver.java:653)
	at org.springframework.beans.factory.support.ConstructorResolver.instantiateUsingFactoryMethod(ConstructorResolver.java:638)
	at org.springframework.beans.factory.support.AbstractAutowireCapableBeanFactory.instantiateUsingFactoryMethod(AbstractAutowireCapableBeanFactory.java:1352)
	at org.springframework.beans.factory.support.AbstractAutowireCapableBeanFactory.createBeanInstance(AbstractAutowireCapableBeanFactory.java:1195)
	at org.springframework.beans.factory.support.AbstractAutowireCapableBeanFactory.doCreateBean(AbstractAutowireCapableBeanFactory.java:582)
	at org.springframework.beans.factory.support.AbstractAutowireCapableBeanFactory.createBean(AbstractAutowireCapableBeanFactory.java:542)
	at org.springframework.beans.factory.support.AbstractBeanFactory.lambda$doGetBean$0(AbstractBeanFactory.java:335)
	at org.springframework.beans.factory.support.DefaultSingletonBeanRegistry.getSingleton(DefaultSingletonBeanRegistry.java:234)
	at org.springframework.beans.factory.support.AbstractBeanFactory.doGetBean(AbstractBeanFactory.java:333)
	at org.springframework.beans.factory.support.AbstractBeanFactory.getBean(AbstractBeanFactory.java:213)
	at org.springframework.boot.web.servlet.context.ServletWebServerApplicationContext.getWebServerFactory(ServletWebServerApplicationContext.java:219)
	at org.springframework.boot.web.servlet.context.ServletWebServerApplicationContext.createWebServer(ServletWebServerApplicationContext.java:182)
	at org.springframework.boot.web.servlet.context.ServletWebServerApplicationContext.onRefresh(ServletWebServerApplicationContext.java:162)
	at org.springframework.context.support.AbstractApplicationContext.refresh(AbstractApplicationContext.java:577)
	at org.springframework.boot.web.servlet.context.ServletWebServerApplicationContext.refresh(ServletWebServerApplicationContext.java:147)
	at org.springframework.boot.SpringApplication.refresh(SpringApplication.java:734)
	at org.springframework.boot.SpringApplication.refreshContext(SpringApplication.java:408)
	at org.springframework.boot.SpringApplication.run(SpringApplication.java:308)
	at org.springframework.boot.SpringApplication.run(SpringApplication.java:1306)
	at org.springframework.boot.SpringApplication.run(SpringApplication.java:1295)
	at com.sportyshoes.SportyshoesApiApplication.main(SportyshoesApiApplication.java:11)
	at java.base/jdk.internal.reflect.NativeMethodAccessorImpl.invoke0(Native Method)
	at java.base/jdk.internal.reflect.NativeMethodAccessorImpl.invoke(NativeMethodAccessorImpl.java:62)
	at java.base/jdk.internal.reflect.DelegatingMethodAccessorImpl.invoke(DelegatingMethodAccessorImpl.java:43)
	at java.base/java.lang.reflect.Method.invoke(Method.java:567)
	at org.springframework.boot.devtools.restart.RestartLauncher.run(RestartLauncher.java:49)
2022-06-18 16:57:45,257 INFO org.springframework.boot.web.embedded.tomcat.TomcatWebServer [restartedMain] Tomcat initialized with port(s): 8086 (http)
2022-06-18 16:57:45,266 INFO org.apache.juli.logging.DirectJDKLog [restartedMain] Initializing ProtocolHandler ["http-nio-8086"]
2022-06-18 16:57:45,267 INFO org.apache.juli.logging.DirectJDKLog [restartedMain] Starting service [Tomcat]
2022-06-18 16:57:45,267 INFO org.apache.juli.logging.DirectJDKLog [restartedMain] Starting Servlet engine: [Apache Tomcat/9.0.63]
2022-06-18 16:57:45,408 INFO org.apache.juli.logging.DirectJDKLog [restartedMain] Initializing Spring embedded WebApplicationContext
2022-06-18 16:57:45,408 INFO org.springframework.boot.web.servlet.context.ServletWebServerApplicationContext [restartedMain] Root WebApplicationContext: initialization completed in 1592 ms
2022-06-18 16:57:46,231 INFO org.springframework.boot.devtools.autoconfigure.OptionalLiveReloadServer [restartedMain] LiveReload server is running on port 35729
2022-06-18 16:57:46,235 INFO org.springframework.boot.actuate.endpoint.web.EndpointLinksResolver [restartedMain] Exposing 1 endpoint(s) beneath base path '/actuator'
2022-06-18 16:57:46,251 INFO org.apache.juli.logging.DirectJDKLog [restartedMain] Starting ProtocolHandler ["http-nio-8086"]
2022-06-18 16:57:46,276 INFO org.springframework.boot.web.embedded.tomcat.TomcatWebServer [restartedMain] Tomcat started on port(s): 8086 (http) with context path ''
2022-06-18 16:57:46,290 INFO org.springframework.boot.StartupInfoLogger [restartedMain] Started SportyshoesApiApplication in 3.046 seconds (JVM running for 4.259)
2022-06-18 16:58:27,889 INFO org.apache.juli.logging.DirectJDKLog [http-nio-8086-exec-1] Initializing Spring DispatcherServlet 'dispatcherServlet'
2022-06-18 16:58:27,891 INFO org.springframework.web.servlet.FrameworkServlet [http-nio-8086-exec-1] Initializing Servlet 'dispatcherServlet'
2022-06-18 16:58:27,892 INFO org.springframework.web.servlet.FrameworkServlet [http-nio-8086-exec-1] Completed initialization in 1 ms
2022-06-18 17:04:35,426 WARN org.springframework.web.servlet.handler.AbstractHandlerExceptionResolver [http-nio-8086-exec-5] Resolved [org.springframework.web.HttpRequestMethodNotSupportedException: Request method 'POST' not supported]
2022-06-18 17:04:49,211 ERROR com.sportyshoes.repositories.AdminRepository [http-nio-8086-exec-6] Data truncation: Data too long for column 'password' at row 1
2022-06-18 17:04:49,212 INFO com.sportyshoes.repositories.AdminRepository [http-nio-8086-exec-6] Updated Admin Rows: %d
2022-06-18 17:06:31,701 INFO org.springframework.boot.StartupInfoLogger [restartedMain] Starting SportyshoesApiApplication using Java 12.0.2 on DESKTOP-OKIK6KM with PID 8504 (D:\JavaHomework\sportyshoes-api\target\classes started by Trivikram Sharma in D:\JavaHomework\sportyshoes-api)
2022-06-18 17:06:31,701 INFO org.springframework.boot.SpringApplication [restartedMain] No active profile set, falling back to 1 default profile: "default"
2022-06-18 17:06:31,922 INFO org.springframework.boot.web.embedded.tomcat.TomcatWebServer [restartedMain] Tomcat initialized with port(s): 8086 (http)
2022-06-18 17:06:31,923 INFO org.apache.juli.logging.DirectJDKLog [restartedMain] Initializing ProtocolHandler ["http-nio-8086"]
2022-06-18 17:06:31,923 INFO org.apache.juli.logging.DirectJDKLog [restartedMain] Starting service [Tomcat]
2022-06-18 17:06:31,923 INFO org.apache.juli.logging.DirectJDKLog [restartedMain] Starting Servlet engine: [Apache Tomcat/9.0.63]
2022-06-18 17:06:31,936 INFO org.apache.juli.logging.DirectJDKLog [restartedMain] Initializing Spring embedded WebApplicationContext
2022-06-18 17:06:31,936 INFO org.springframework.boot.web.servlet.context.ServletWebServerApplicationContext [restartedMain] Root WebApplicationContext: initialization completed in 234 ms
2022-06-18 17:06:32,064 INFO org.springframework.boot.devtools.autoconfigure.OptionalLiveReloadServer [restartedMain] LiveReload server is running on port 35729
2022-06-18 17:06:32,066 INFO org.springframework.boot.actuate.endpoint.web.EndpointLinksResolver [restartedMain] Exposing 1 endpoint(s) beneath base path '/actuator'
2022-06-18 17:06:32,077 INFO org.apache.juli.logging.DirectJDKLog [restartedMain] Starting ProtocolHandler ["http-nio-8086"]
2022-06-18 17:06:32,079 INFO org.springframework.boot.web.embedded.tomcat.TomcatWebServer [restartedMain] Tomcat started on port(s): 8086 (http) with context path ''
2022-06-18 17:06:32,085 INFO org.springframework.boot.StartupInfoLogger [restartedMain] Started SportyshoesApiApplication in 0.405 seconds (JVM running for 530.055)
2022-06-18 17:06:32,087 INFO org.springframework.boot.devtools.autoconfigure.ConditionEvaluationDeltaLoggingListener [restartedMain] Condition evaluation unchanged
2022-06-18 17:06:38,621 INFO org.apache.juli.logging.DirectJDKLog [http-nio-8086-exec-2] Initializing Spring DispatcherServlet 'dispatcherServlet'
2022-06-18 17:06:38,622 INFO org.springframework.web.servlet.FrameworkServlet [http-nio-8086-exec-2] Initializing Servlet 'dispatcherServlet'
2022-06-18 17:06:38,623 INFO org.springframework.web.servlet.FrameworkServlet [http-nio-8086-exec-2] Completed initialization in 1 ms
2022-06-18 17:06:38,643 INFO com.sportyshoes.repositories.AdminRepository [http-nio-8086-exec-2] Updated Admin Rows: %d
2022-06-18 17:10:02,735 INFO com.sportyshoes.controllers.UserController [http-nio-8086-exec-5] User Object with the request of Sign Up:
User [userId=Jbabu, name=Jagapathi Babu, password=[J, b, a, b, u, @, 1, 2], signedIn=false]
2022-06-18 17:10:02,762 INFO com.sportyshoes.repositories.UserRepository [http-nio-8086-exec-5] Rows updated By Adding User:1
2022-06-18 17:12:15,278 INFO com.sportyshoes.controllers.UserController [http-nio-8086-exec-8] User Object with the request of Sign In:
User [userId=Jbabu, name=null, password=[J, b, a, b, u, @, 1, 2], signedIn=false]
2022-06-18 17:12:15,292 INFO com.sportyshoes.repositories.UserRepository [http-nio-8086-exec-8] Number of Users Rows updated: 1
2022-06-18 17:15:51,932 INFO com.sportyshoes.repositories.ProductRepository [http-nio-8086-exec-1] Number of products retrieved(All Products): 7
2022-06-18 17:15:51,932 INFO com.sportyshoes.controllers.ProductController [http-nio-8086-exec-1] Result set of all products:[Product [productId=1, productName=Nike shoes small, MSRP=105, quantityInStock=15, productVendor=Nike], Product [productId=2, productName=Nike shoes medium, MSRP=150, quantityInStock=18, productVendor=Nike], Product [productId=3, productName=Adidas Shoes Large, MSRP=250, quantityInStock=39, productVendor=Adidas], Product [productId=5, productName=Adidas Shoes small, MSRP=105, quantityInStock=40, productVendor=Adidas], Product [productId=6, productName=Sparx Shoes Large, MSRP=250, quantityInStock=40, productVendor=Sparx], Product [productId=7, productName=Sparx Shoes Small, MSRP=105, quantityInStock=20, productVendor=Sparx], Product [productId=8, productName=Adidas Shoes medium, MSRP=150, quantityInStock=20, productVendor=Adidas]]
2022-06-18 17:18:00,734 INFO com.sportyshoes.repositories.ProductRepository [http-nio-8086-exec-4] Number of Products with name %s retrieved:%d
2022-06-18 17:18:00,734 INFO com.sportyshoes.controllers.ProductController [http-nio-8086-exec-4] Result List of all products with the name : "sparx"
[Product [productId=6, productName=Sparx Shoes Large, MSRP=250, quantityInStock=40, productVendor=Sparx], Product [productId=7, productName=Sparx Shoes Small, MSRP=105, quantityInStock=20, productVendor=Sparx]]
2022-06-18 17:21:28,643 INFO org.springframework.boot.admin.SpringApplicationAdminMXBeanRegistrar$SpringApplicationAdmin [RMI TCP Connection(2)-127.0.0.1] Application shutdown requested.
2022-06-18 23:14:12,081 INFO org.springframework.boot.StartupInfoLogger [restartedMain] Starting SportyshoesApiApplication using Java 12.0.2 on DESKTOP-OKIK6KM with PID 13380 (D:\JavaHomework\sportyshoes-api\target\classes started by Trivikram Sharma in D:\JavaHomework\sportyshoes-api)
2022-06-18 23:14:12,245 INFO org.springframework.boot.SpringApplication [restartedMain] No active profile set, falling back to 1 default profile: "default"
2022-06-18 23:14:12,283 INFO org.springframework.boot.logging.DeferredLog [restartedMain] Devtools property defaults active! Set 'spring.devtools.add-properties' to 'false' to disable
2022-06-18 23:14:12,283 INFO org.springframework.boot.logging.DeferredLog [restartedMain] For additional web related logging consider setting the 'logging.level.web' property to 'DEBUG'
2022-06-18 23:14:12,981 WARN org.apache.juli.logging.DirectJDKLog [restartedMain] The Apache Tomcat Native library failed to load. The error reported was [no tcnative-1 in java.library.path: [C:\Program Files\Java\jdk-12.0.2\bin, C:\WINDOWS\Sun\Java\bin, C:\WINDOWS\system32, C:\WINDOWS, C:/Program Files/Java/jdk-12.0.2/bin/server, C:/Program Files/Java/jdk-12.0.2/bin, C:\Python3\Scripts\, C:\Python3\, C:\Program Files (x86)\Intel\Intel(R) Management Engine Components\iCLS\, C:\Program Files\Intel\Intel(R) Management Engine Components\iCLS\, C:\Windows\system32, C:\Windows, C:\Windows\System32\Wbem, C:\Windows\System32\WindowsPowerShell\v1.0\, C:\Windows\System32\OpenSSH\, C:\Program Files (x86)\NVIDIA Corporation\PhysX\Common, C:\Program Files (x86)\Intel\Intel(R) Management Engine Components\DAL, C:\Program Files\Intel\Intel(R) Management Engine Components\DAL, C:\Program Files (x86)\Intel\Intel(R) Management Engine Components\IPT, C:\Program Files\Intel\Intel(R) Management Engine Components\IPT, C:\WINDOWS\system32, C:\WINDOWS, C:\WINDOWS\System32\Wbem, C:\WINDOWS\System32\WindowsPowerShell\v1.0\, C:\WINDOWS\System32\OpenSSH\, C:\Program Files\NVIDIA Corporation\NVIDIA NvDLISR, C:\Python3, C:\Program Files\Intel\WiFi\bin\, C:\Program Files\Common Files\Intel\WirelessCommon\, C:\Program Files\Java\jdk-12.0.2\bin, C:\Program Files\Git\cmd, C:\Program Files\nodejs\, C:\Program Files\PowerShell\7\, C:\Users\Trivikram Sharma\scoop\apps\maven\current\bin, C:\Users\Trivikram Sharma\scoop\shims, C:\Program Files\MySQL\MySQL Shell 8.0\bin\, C:\Users\Trivikram Sharma\AppData\Local\Microsoft\WindowsApps, C:\, C:\msys64\usr\bin, C:\Python3, C:\Python27, E:\Microsoft VS Code\bin, C:\Users\Trivikram Sharma\AppData\Local\GitHubDesktop\bin, C:\Users\Trivikram Sharma\AppData\Local\Microsoft\WindowsApps, C:\Program Files\IBM\Cloud\bin, C:\Users\Trivikram Sharma\AppData\Roaming\npm, C:\Program Files\JetBrains\PyCharm 2022.1.1\bin, ., C:\Program Files\JetBrains\PyCharm Community Edition 2022.1.1\bin, ., D:\eclipse-jee-2020-03-R-incubation-win32-x86_64\eclipse, ., .]]
java.lang.UnsatisfiedLinkError: no tcnative-1 in java.library.path: [C:\Program Files\Java\jdk-12.0.2\bin, C:\WINDOWS\Sun\Java\bin, C:\WINDOWS\system32, C:\WINDOWS, C:/Program Files/Java/jdk-12.0.2/bin/server, C:/Program Files/Java/jdk-12.0.2/bin, C:\Python3\Scripts\, C:\Python3\, C:\Program Files (x86)\Intel\Intel(R) Management Engine Components\iCLS\, C:\Program Files\Intel\Intel(R) Management Engine Components\iCLS\, C:\Windows\system32, C:\Windows, C:\Windows\System32\Wbem, C:\Windows\System32\WindowsPowerShell\v1.0\, C:\Windows\System32\OpenSSH\, C:\Program Files (x86)\NVIDIA Corporation\PhysX\Common, C:\Program Files (x86)\Intel\Intel(R) Management Engine Components\DAL, C:\Program Files\Intel\Intel(R) Management Engine Components\DAL, C:\Program Files (x86)\Intel\Intel(R) Management Engine Components\IPT, C:\Program Files\Intel\Intel(R) Management Engine Components\IPT, C:\WINDOWS\system32, C:\WINDOWS, C:\WINDOWS\System32\Wbem, C:\WINDOWS\System32\WindowsPowerShell\v1.0\, C:\WINDOWS\System32\OpenSSH\, C:\Program Files\NVIDIA Corporation\NVIDIA NvDLISR, C:\Python3, C:\Program Files\Intel\WiFi\bin\, C:\Program Files\Common Files\Intel\WirelessCommon\, C:\Program Files\Java\jdk-12.0.2\bin, C:\Program Files\Git\cmd, C:\Program Files\nodejs\, C:\Program Files\PowerShell\7\, C:\Users\Trivikram Sharma\scoop\apps\maven\current\bin, C:\Users\Trivikram Sharma\scoop\shims, C:\Program Files\MySQL\MySQL Shell 8.0\bin\, C:\Users\Trivikram Sharma\AppData\Local\Microsoft\WindowsApps, C:\, C:\msys64\usr\bin, C:\Python3, C:\Python27, E:\Microsoft VS Code\bin, C:\Users\Trivikram Sharma\AppData\Local\GitHubDesktop\bin, C:\Users\Trivikram Sharma\AppData\Local\Microsoft\WindowsApps, C:\Program Files\IBM\Cloud\bin, C:\Users\Trivikram Sharma\AppData\Roaming\npm, C:\Program Files\JetBrains\PyCharm 2022.1.1\bin, ., C:\Program Files\JetBrains\PyCharm Community Edition 2022.1.1\bin, ., D:\eclipse-jee-2020-03-R-incubation-win32-x86_64\eclipse, ., .]
	at java.base/java.lang.ClassLoader.loadLibrary(ClassLoader.java:2660)
	at java.base/java.lang.Runtime.loadLibrary0(Runtime.java:827)
	at java.base/java.lang.System.loadLibrary(System.java:1902)
	at org.apache.tomcat.jni.Library.<init>(Library.java:64)
	at org.apache.tomcat.jni.Library.initialize(Library.java:203)
	at org.apache.catalina.core.AprLifecycleListener.init(AprLifecycleListener.java:203)
	at org.apache.catalina.core.AprLifecycleListener.isAprAvailable(AprLifecycleListener.java:108)
	at org.springframework.boot.web.embedded.tomcat.TomcatServletWebServerFactory.getDefaultServerLifecycleListeners(TomcatServletWebServerFactory.java:182)
	at org.springframework.boot.web.embedded.tomcat.TomcatServletWebServerFactory.<init>(TomcatServletWebServerFactory.java:129)
	at org.springframework.boot.autoconfigure.web.servlet.ServletWebServerFactoryConfiguration$EmbeddedTomcat.tomcatServletWebServerFactory(ServletWebServerFactoryConfiguration.java:76)
	at java.base/jdk.internal.reflect.NativeMethodAccessorImpl.invoke0(Native Method)
	at java.base/jdk.internal.reflect.NativeMethodAccessorImpl.invoke(NativeMethodAccessorImpl.java:62)
	at java.base/jdk.internal.reflect.DelegatingMethodAccessorImpl.invoke(DelegatingMethodAccessorImpl.java:43)
	at java.base/java.lang.reflect.Method.invoke(Method.java:567)
	at org.springframework.beans.factory.support.SimpleInstantiationStrategy.instantiate(SimpleInstantiationStrategy.java:154)
	at org.springframework.beans.factory.support.ConstructorResolver.instantiate(ConstructorResolver.java:653)
	at org.springframework.beans.factory.support.ConstructorResolver.instantiateUsingFactoryMethod(ConstructorResolver.java:638)
	at org.springframework.beans.factory.support.AbstractAutowireCapableBeanFactory.instantiateUsingFactoryMethod(AbstractAutowireCapableBeanFactory.java:1352)
	at org.springframework.beans.factory.support.AbstractAutowireCapableBeanFactory.createBeanInstance(AbstractAutowireCapableBeanFactory.java:1195)
	at org.springframework.beans.factory.support.AbstractAutowireCapableBeanFactory.doCreateBean(AbstractAutowireCapableBeanFactory.java:582)
	at org.springframework.beans.factory.support.AbstractAutowireCapableBeanFactory.createBean(AbstractAutowireCapableBeanFactory.java:542)
	at org.springframework.beans.factory.support.AbstractBeanFactory.lambda$doGetBean$0(AbstractBeanFactory.java:335)
	at org.springframework.beans.factory.support.DefaultSingletonBeanRegistry.getSingleton(DefaultSingletonBeanRegistry.java:234)
	at org.springframework.beans.factory.support.AbstractBeanFactory.doGetBean(AbstractBeanFactory.java:333)
	at org.springframework.beans.factory.support.AbstractBeanFactory.getBean(AbstractBeanFactory.java:213)
	at org.springframework.boot.web.servlet.context.ServletWebServerApplicationContext.getWebServerFactory(ServletWebServerApplicationContext.java:219)
	at org.springframework.boot.web.servlet.context.ServletWebServerApplicationContext.createWebServer(ServletWebServerApplicationContext.java:182)
	at org.springframework.boot.web.servlet.context.ServletWebServerApplicationContext.onRefresh(ServletWebServerApplicationContext.java:162)
	at org.springframework.context.support.AbstractApplicationContext.refresh(AbstractApplicationContext.java:577)
	at org.springframework.boot.web.servlet.context.ServletWebServerApplicationContext.refresh(ServletWebServerApplicationContext.java:147)
	at org.springframework.boot.SpringApplication.refresh(SpringApplication.java:734)
	at org.springframework.boot.SpringApplication.refreshContext(SpringApplication.java:408)
	at org.springframework.boot.SpringApplication.run(SpringApplication.java:308)
	at org.springframework.boot.SpringApplication.run(SpringApplication.java:1306)
	at org.springframework.boot.SpringApplication.run(SpringApplication.java:1295)
	at com.sportyshoes.SportyshoesApiApplication.main(SportyshoesApiApplication.java:11)
	at java.base/jdk.internal.reflect.NativeMethodAccessorImpl.invoke0(Native Method)
	at java.base/jdk.internal.reflect.NativeMethodAccessorImpl.invoke(NativeMethodAccessorImpl.java:62)
	at java.base/jdk.internal.reflect.DelegatingMethodAccessorImpl.invoke(DelegatingMethodAccessorImpl.java:43)
	at java.base/java.lang.reflect.Method.invoke(Method.java:567)
	at org.springframework.boot.devtools.restart.RestartLauncher.run(RestartLauncher.java:49)
2022-06-18 23:14:13,179 INFO org.springframework.boot.web.embedded.tomcat.TomcatWebServer [restartedMain] Tomcat initialized with port(s): 8086 (http)
2022-06-18 23:14:13,185 INFO org.apache.juli.logging.DirectJDKLog [restartedMain] Initializing ProtocolHandler ["http-nio-8086"]
2022-06-18 23:14:13,186 INFO org.apache.juli.logging.DirectJDKLog [restartedMain] Starting service [Tomcat]
2022-06-18 23:14:13,186 INFO org.apache.juli.logging.DirectJDKLog [restartedMain] Starting Servlet engine: [Apache Tomcat/9.0.63]
2022-06-18 23:14:13,318 INFO org.apache.juli.logging.DirectJDKLog [restartedMain] Initializing Spring embedded WebApplicationContext
2022-06-18 23:14:13,319 INFO org.springframework.boot.web.servlet.context.ServletWebServerApplicationContext [restartedMain] Root WebApplicationContext: initialization completed in 1035 ms
2022-06-18 23:14:14,042 INFO org.springframework.boot.devtools.autoconfigure.OptionalLiveReloadServer [restartedMain] LiveReload server is running on port 35729
2022-06-18 23:14:14,049 INFO org.springframework.boot.actuate.endpoint.web.EndpointLinksResolver [restartedMain] Exposing 1 endpoint(s) beneath base path '/actuator'
2022-06-18 23:14:14,069 INFO org.apache.juli.logging.DirectJDKLog [restartedMain] Starting ProtocolHandler ["http-nio-8086"]
2022-06-18 23:14:14,088 INFO org.springframework.boot.web.embedded.tomcat.TomcatWebServer [restartedMain] Tomcat started on port(s): 8086 (http) with context path ''
2022-06-18 23:14:14,103 INFO org.springframework.boot.StartupInfoLogger [restartedMain] Started SportyshoesApiApplication in 2.341 seconds (JVM running for 3.353)
2022-06-18 23:15:53,475 INFO org.apache.juli.logging.DirectJDKLog [http-nio-8086-exec-1] Initializing Spring DispatcherServlet 'dispatcherServlet'
2022-06-18 23:15:53,477 INFO org.springframework.web.servlet.FrameworkServlet [http-nio-8086-exec-1] Initializing Servlet 'dispatcherServlet'
2022-06-18 23:15:53,480 INFO org.springframework.web.servlet.FrameworkServlet [http-nio-8086-exec-1] Completed initialization in 2 ms
2022-06-18 23:19:03,780 INFO com.sportyshoes.repositories.OrderRepository [http-nio-8086-exec-5] Latest order Id Retrieved:%d
2022-06-18 23:19:03,782 INFO com.sportyshoes.repositories.OrderRepository [http-nio-8086-exec-5] Latest order Id Retrieved:%d
2022-06-18 23:19:03,797 INFO com.sportyshoes.repositories.OrderRepository [http-nio-8086-exec-5] Added Order rows=1
2022-06-18 23:19:03,802 INFO com.sportyshoes.repositories.ProductRepository [http-nio-8086-exec-5] Number of Rows updated by Updating product details:1
2022-06-18 23:21:04,974 INFO com.sportyshoes.repositories.OrderRepository [http-nio-8086-exec-7] Number of Orders of userId:%s retrieved, %d
2022-06-18 23:21:04,974 INFO com.sportyshoes.controllers.UserController [http-nio-8086-exec-7] Orders retrieved of the user Jbabu: 
[Order [orderId=6, orderUser=User [userId=Jbabu, name=Jagapathi Babu, password=[J, b, a, b, u, @, 1, 2], signedIn=true], orderProduct=Product [productId=8, productName=Adidas Shoes medium, MSRP=150, quantityInStock=19, productVendor=Adidas], orderDate= 2022-06-18]]
2022-06-18 23:24:58,850 INFO com.sportyshoes.repositories.UserRepository [http-nio-8086-exec-2] Number of Users Rows updated: 1
2022-06-18 23:28:55,494 WARN org.springframework.web.servlet.handler.AbstractHandlerExceptionResolver [http-nio-8086-exec-4] Resolved [org.springframework.http.converter.HttpMessageNotReadableException: JSON parse error: Unexpected character ('}' (code 125)): was expecting double-quote to start field name; nested exception is com.fasterxml.jackson.core.JsonParseException: Unexpected character ('}' (code 125)): was expecting double-quote to start field name<EOL> at [Source: (org.springframework.util.StreamUtils$NonClosingInputStream); line: 4, column: 2]]
2022-06-18 23:29:03,973 INFO com.sportyshoes.repositories.UserRepository [http-nio-8086-exec-6] Number of Users Rows updated: 1
2022-06-18 23:29:19,843 INFO com.sportyshoes.repositories.UserRepository [http-nio-8086-exec-8] Number of Users Rows updated: 1
2022-06-18 23:32:41,746 INFO com.sportyshoes.controllers.UserController [http-nio-8086-exec-10] Signed Up Users Retrieved:
[]
2022-06-18 23:32:41,747 INFO com.sportyshoes.repositories.UserRepository [http-nio-8086-exec-10] Number of Signed In Users Retrieved:4
2022-06-18 23:34:48,374 INFO com.sportyshoes.repositories.UserRepository [http-nio-8086-exec-3] Number of users with name %s retrieved: 'Babu'
2022-06-18 23:34:48,375 INFO com.sportyshoes.controllers.UserController [http-nio-8086-exec-3] Users With Name 'Babu' Retrieved:
[User [userId=Jbabu, name=Jagapathi Babu, password=[J, b, a, b, u, @, 1, 2], signedIn=true]]
2022-06-18 23:38:51,924 INFO com.sportyshoes.repositories.ProductRepository [http-nio-8086-exec-6] Number of rows updated by adding Product:1
2022-06-18 23:43:06,060 INFO com.sportyshoes.repositories.ProductRepository [http-nio-8086-exec-9] Number of products retrieved(All Products): 8
2022-06-18 23:43:06,060 INFO com.sportyshoes.controllers.ProductController [http-nio-8086-exec-9] Result set of all products:[Product [productId=1, productName=Nike shoes small, MSRP=105, quantityInStock=15, productVendor=Nike], Product [productId=2, productName=Nike shoes medium, MSRP=150, quantityInStock=18, productVendor=Nike], Product [productId=3, productName=Adidas Shoes Large, MSRP=250, quantityInStock=39, productVendor=Adidas], Product [productId=5, productName=Adidas Shoes small, MSRP=105, quantityInStock=40, productVendor=Adidas], Product [productId=6, productName=Sparx Shoes Large, MSRP=250, quantityInStock=40, productVendor=Sparx], Product [productId=7, productName=Sparx Shoes Small, MSRP=105, quantityInStock=20, productVendor=Sparx], Product [productId=8, productName=Adidas Shoes medium, MSRP=150, quantityInStock=19, productVendor=Adidas], Product [productId=9, productName=Reebok Shoes Large, MSRP=250, quantityInStock=20, productVendor=Reebok]]
2022-06-18 23:43:47,890 ERROR com.sportyshoes.repositories.ProductRepository [http-nio-8086-exec-10] Data truncation: Data too long for column 'productName' at row 1
2022-06-18 23:43:47,891 INFO com.sportyshoes.repositories.ProductRepository [http-nio-8086-exec-10] Number of Rows updated by Updating product details:0
2022-06-18 23:44:31,108 INFO com.sportyshoes.repositories.ProductRepository [http-nio-8086-exec-2] Number of Rows updated by Updating product details:1
2022-06-18 23:46:37,727 INFO com.sportyshoes.repositories.ProductRepository [http-nio-8086-exec-4] Number of products retrieved(All Products): 8
2022-06-18 23:46:37,728 INFO com.sportyshoes.controllers.ProductController [http-nio-8086-exec-4] Result set of all products:[Product [productId=1, productName=Nike shoes small, MSRP=105, quantityInStock=15, productVendor=Nike], Product [productId=2, productName=Nike shoes medium, MSRP=150, quantityInStock=18, productVendor=Nike], Product [productId=3, productName=''Sparx Shoes Med", MSRP=250, quantityInStock=39, productVendor=Adidas], Product [productId=5, productName=Adidas Shoes small, MSRP=105, quantityInStock=40, productVendor=Adidas], Product [productId=6, productName=Sparx Shoes Large, MSRP=250, quantityInStock=40, productVendor=Sparx], Product [productId=7, productName=Sparx Shoes Small, MSRP=105, quantityInStock=20, productVendor=Sparx], Product [productId=8, productName=Adidas Shoes medium, MSRP=150, quantityInStock=19, productVendor=Adidas], Product [productId=9, productName=Reebok Shoes Large, MSRP=250, quantityInStock=20, productVendor=Reebok]]
2022-06-18 23:46:46,155 INFO com.sportyshoes.repositories.ProductRepository [http-nio-8086-exec-5] Number of products retrieved(All Products): 8
2022-06-18 23:46:46,155 INFO com.sportyshoes.controllers.ProductController [http-nio-8086-exec-5] Result set of all products:[Product [productId=1, productName=Nike shoes small, MSRP=105, quantityInStock=15, productVendor=Nike], Product [productId=2, productName=Nike shoes medium, MSRP=150, quantityInStock=18, productVendor=Nike], Product [productId=3, productName=''Sparx Shoes Med", MSRP=250, quantityInStock=39, productVendor=Adidas], Product [productId=5, productName=Adidas Shoes small, MSRP=105, quantityInStock=40, productVendor=Adidas], Product [productId=6, productName=Sparx Shoes Large, MSRP=250, quantityInStock=40, productVendor=Sparx], Product [productId=7, productName=Sparx Shoes Small, MSRP=105, quantityInStock=20, productVendor=Sparx], Product [productId=8, productName=Adidas Shoes medium, MSRP=150, quantityInStock=19, productVendor=Adidas], Product [productId=9, productName=Reebok Shoes Large, MSRP=250, quantityInStock=20, productVendor=Reebok]]
2022-06-18 23:47:17,413 INFO com.sportyshoes.repositories.ProductRepository [http-nio-8086-exec-6] Number of Rows updated by Updating product details:1
2022-06-18 23:47:29,642 INFO com.sportyshoes.repositories.ProductRepository [http-nio-8086-exec-8] Number of products retrieved(All Products): 8
2022-06-18 23:47:29,643 INFO com.sportyshoes.controllers.ProductController [http-nio-8086-exec-8] Result set of all products:[Product [productId=1, productName=Nike shoes small, MSRP=105, quantityInStock=15, productVendor=Nike], Product [productId=2, productName=Nike shoes medium, MSRP=150, quantityInStock=18, productVendor=Nike], Product [productId=3, productName='Adidas Shoes Large", MSRP=250, quantityInStock=39, productVendor=Adidas], Product [productId=5, productName=Adidas Shoes small, MSRP=105, quantityInStock=40, productVendor=Adidas], Product [productId=6, productName=Sparx Shoes Large, MSRP=250, quantityInStock=40, productVendor=Sparx], Product [productId=7, productName=Sparx Shoes Small, MSRP=105, quantityInStock=20, productVendor=Sparx], Product [productId=8, productName=Adidas Shoes medium, MSRP=150, quantityInStock=19, productVendor=Adidas], Product [productId=9, productName=Reebok Shoes Large, MSRP=250, quantityInStock=20, productVendor=Reebok]]
2022-06-18 23:47:42,456 INFO com.sportyshoes.repositories.ProductRepository [http-nio-8086-exec-7] Number of Rows updated by Updating product details:1
2022-06-18 23:47:48,176 INFO com.sportyshoes.repositories.ProductRepository [http-nio-8086-exec-9] Number of products retrieved(All Products): 8
2022-06-18 23:47:48,177 INFO com.sportyshoes.controllers.ProductController [http-nio-8086-exec-9] Result set of all products:[Product [productId=1, productName=Nike shoes small, MSRP=105, quantityInStock=15, productVendor=Nike], Product [productId=2, productName=Nike shoes medium, MSRP=150, quantityInStock=18, productVendor=Nike], Product [productId=3, productName='Adidas Shoes Large', MSRP=250, quantityInStock=39, productVendor=Adidas], Product [productId=5, productName=Adidas Shoes small, MSRP=105, quantityInStock=40, productVendor=Adidas], Product [productId=6, productName=Sparx Shoes Large, MSRP=250, quantityInStock=40, productVendor=Sparx], Product [productId=7, productName=Sparx Shoes Small, MSRP=105, quantityInStock=20, productVendor=Sparx], Product [productId=8, productName=Adidas Shoes medium, MSRP=150, quantityInStock=19, productVendor=Adidas], Product [productId=9, productName=Reebok Shoes Large, MSRP=250, quantityInStock=20, productVendor=Reebok]]
2022-06-18 23:48:08,539 INFO com.sportyshoes.repositories.ProductRepository [http-nio-8086-exec-10] Number of Rows updated by Updating product details:1
2022-06-18 23:48:16,042 INFO com.sportyshoes.repositories.ProductRepository [http-nio-8086-exec-2] Number of products retrieved(All Products): 8
2022-06-18 23:48:16,042 INFO com.sportyshoes.controllers.ProductController [http-nio-8086-exec-2] Result set of all products:[Product [productId=1, productName=Nike shoes small, MSRP=105, quantityInStock=15, productVendor=Nike], Product [productId=2, productName=Nike shoes medium, MSRP=150, quantityInStock=18, productVendor=Nike], Product [productId=3, productName="Adidas Shoes Large", MSRP=250, quantityInStock=39, productVendor=Adidas], Product [productId=5, productName=Adidas Shoes small, MSRP=105, quantityInStock=40, productVendor=Adidas], Product [productId=6, productName=Sparx Shoes Large, MSRP=250, quantityInStock=40, productVendor=Sparx], Product [productId=7, productName=Sparx Shoes Small, MSRP=105, quantityInStock=20, productVendor=Sparx], Product [productId=8, productName=Adidas Shoes medium, MSRP=150, quantityInStock=19, productVendor=Adidas], Product [productId=9, productName=Reebok Shoes Large, MSRP=250, quantityInStock=20, productVendor=Reebok]]
2022-06-18 23:48:33,243 INFO com.sportyshoes.repositories.ProductRepository [http-nio-8086-exec-1] Number of Rows updated by Updating product details:1
2022-06-18 23:48:37,681 INFO com.sportyshoes.repositories.ProductRepository [http-nio-8086-exec-3] Number of products retrieved(All Products): 8
2022-06-18 23:48:37,682 INFO com.sportyshoes.controllers.ProductController [http-nio-8086-exec-3] Result set of all products:[Product [productId=1, productName=Nike shoes small, MSRP=105, quantityInStock=15, productVendor=Nike], Product [productId=2, productName=Nike shoes medium, MSRP=150, quantityInStock=18, productVendor=Nike], Product [productId=3, productName=Adidas Shoes Large, MSRP=250, quantityInStock=39, productVendor=Adidas], Product [productId=5, productName=Adidas Shoes small, MSRP=105, quantityInStock=40, productVendor=Adidas], Product [productId=6, productName=Sparx Shoes Large, MSRP=250, quantityInStock=40, productVendor=Sparx], Product [productId=7, productName=Sparx Shoes Small, MSRP=105, quantityInStock=20, productVendor=Sparx], Product [productId=8, productName=Adidas Shoes medium, MSRP=150, quantityInStock=19, productVendor=Adidas], Product [productId=9, productName=Reebok Shoes Large, MSRP=250, quantityInStock=20, productVendor=Reebok]]
2022-06-18 23:49:04,215 INFO com.sportyshoes.repositories.ProductRepository [http-nio-8086-exec-4] Number of Rows updated by Updating product details:1
2022-06-18 23:49:10,290 INFO com.sportyshoes.repositories.ProductRepository [http-nio-8086-exec-5] Number of products retrieved(All Products): 8
2022-06-18 23:49:10,291 INFO com.sportyshoes.controllers.ProductController [http-nio-8086-exec-5] Result set of all products:[Product [productId=1, productName=Nike shoes small, MSRP=105, quantityInStock=15, productVendor=Nike], Product [productId=2, productName=Nike shoes medium, MSRP=150, quantityInStock=18, productVendor=Nike], Product [productId=3, productName=Adidas Shoes Large, MSRP=250, quantityInStock=39, productVendor=Adidas], Product [productId=5, productName=Adidas Shoes small, MSRP=105, quantityInStock=40, productVendor=Adidas], Product [productId=6, productName=Sparx Shoes Large, MSRP=250, quantityInStock=40, productVendor=Sparx], Product [productId=7, productName=Sparx Shoes Medium, MSRP=105, quantityInStock=20, productVendor=Sparx], Product [productId=8, productName=Adidas Shoes medium, MSRP=150, quantityInStock=19, productVendor=Adidas], Product [productId=9, productName=Reebok Shoes Large, MSRP=250, quantityInStock=20, productVendor=Reebok]]
2022-06-18 23:49:28,417 INFO com.sportyshoes.repositories.ProductRepository [http-nio-8086-exec-6] Number of Rows updated by Updating product details:1
2022-06-18 23:51:46,542 INFO com.sportyshoes.repositories.ProductRepository [http-nio-8086-exec-10] Number of Rows updated by Updating product details:1
2022-06-18 23:54:51,980 INFO com.sportyshoes.repositories.ProductRepository [http-nio-8086-exec-3] Number of Rows updated by Updating product details:1
2022-06-18 23:57:51,060 INFO com.sportyshoes.repositories.ProductRepository [http-nio-8086-exec-6] Number of Product rows deleted:1
